<?xml version="1.0" encoding="UTF-8"?>
<testng-results skipped="0" failed="0" ignored="0" total="1" passed="1">
  <reporter-output>
  </reporter-output>
  <suite name="Default suite" duration-ms="10954" started-at="2018-02-20T09:30:22Z" finished-at="2018-02-20T09:30:33Z">
    <groups>
    </groups>
    <test name="Default test" duration-ms="10954" started-at="2018-02-20T09:30:22Z" finished-at="2018-02-20T09:30:33Z">
      <class name="NewTest">
        <test-method status="PASS" signature="facebookLogin()[pri:0, instance:NewTest@7823a2f9]" name="facebookLogin" duration-ms="10883" started-at="2018-02-20T09:30:22Z" finished-at="2018-02-20T09:30:33Z">
          <reporter-output>
          </reporter-output>
        </test-method> <!-- facebookLogin -->
      </class> <!-- NewTest -->
    </test> <!-- Default test -->
  </suite> <!-- Default suite -->
</testng-results>
